This is pdfTeX, Version 3.1415926-2.5-1.40.14 (MiKTeX 2.9 64-bit) (preloaded format=pdflatex 2015.2.4)  27 FEB 2015 16:40
entering extended mode
**COS301_Phase1_Group1_Specs.tex

("C:\Users\Lelethu Zazaza\Desktop\COS301-GROUP6-A\LaTex_Documents_Revised_Versi
on\COS301_Phase1_Group1_Specs.tex"
LaTeX2e <2011/06/27>
Babel <v3.8m> and hyphenation patterns for english, afrikaans, ancientgreek, ar
abic, armenian, assamese, basque, bengali, bokmal, bulgarian, catalan, coptic, 
croatian, czech, danish, dutch, esperanto, estonian, farsi, finnish, french, ga
lician, german, german-x-2013-05-26, greek, gujarati, hindi, hungarian, iceland
ic, indonesian, interlingua, irish, italian, kannada, kurmanji, latin, latvian,
 lithuanian, malayalam, marathi, mongolian, mongolianlmc, monogreek, ngerman, n
german-x-2013-05-26, nynorsk, oriya, panjabi, pinyin, polish, portuguese, roman
ian, russian, sanskrit, serbian, slovak, slovenian, spanish, swedish, swissgerm
an, tamil, telugu, turkish, turkmen, ukenglish, ukrainian, uppersorbian, usengl
ishmax, welsh, loaded.
("C:\Program Files\MiKTeX 2.9\tex\latex\base\report.cls"
Document Class: report 2007/10/19 v1.4h Standard LaTeX document class
("C:\Program Files\MiKTeX 2.9\tex\latex\base\size12.clo"
File: size12.clo 2007/10/19 v1.4h Standard LaTeX file (size option)
)
\c@part=\count79
\c@chapter=\count80
\c@section=\count81
\c@subsection=\count82
\c@subsubsection=\count83
\c@paragraph=\count84
\c@subparagraph=\count85
\c@figure=\count86
\c@table=\count87
\abovecaptionskip=\skip41
\belowcaptionskip=\skip42
\bibindent=\dimen102
)
\@indexfile=\write3

Writing index file COS301_Phase1_Group1_Specs.idx
("C:\Program Files\MiKTeX 2.9\tex\latex\tools\longtable.sty"
Package: longtable 2004/02/01 v4.11 Multi-page Table package (DPC)
\LTleft=\skip43
\LTright=\skip44
\LTpre=\skip45
\LTpost=\skip46
\LTchunksize=\count88
\LTcapwidth=\dimen103
\LT@head=\box26
\LT@firsthead=\box27
\LT@foot=\box28
\LT@lastfoot=\box29
\LT@cols=\count89
\LT@rows=\count90
\c@LT@tables=\count91
\c@LT@chunks=\count92
\LT@p@ftn=\toks14
)
("C:\Program Files\MiKTeX 2.9\tex\latex\graphics\graphicx.sty"
Package: graphicx 1999/02/16 v1.0f Enhanced LaTeX Graphics (DPC,SPQR)

("C:\Program Files\MiKTeX 2.9\tex\latex\graphics\keyval.sty"
Package: keyval 1999/03/16 v1.13 key=value parser (DPC)
\KV@toks@=\toks15
)
("C:\Program Files\MiKTeX 2.9\tex\latex\graphics\graphics.sty"
Package: graphics 2009/02/05 v1.0o Standard LaTeX Graphics (DPC,SPQR)

("C:\Program Files\MiKTeX 2.9\tex\latex\graphics\trig.sty"
Package: trig 1999/03/16 v1.09 sin cos tan (DPC)
)
("C:\Program Files\MiKTeX 2.9\tex\latex\00miktex\graphics.cfg"
File: graphics.cfg 2007/01/18 v1.5 graphics configuration of teTeX/TeXLive
)
Package graphics Info: Driver file: pdftex.def on input line 91.

("C:\Program Files\MiKTeX 2.9\tex\latex\pdftex-def\pdftex.def"
File: pdftex.def 2011/05/27 v0.06d Graphics/color for pdfTeX

("C:\Program Files\MiKTeX 2.9\tex\generic\oberdiek\infwarerr.sty"
Package: infwarerr 2010/04/08 v1.3 Providing info/warning/error messages (HO)
)
("C:\Program Files\MiKTeX 2.9\tex\generic\oberdiek\ltxcmds.sty"
Package: ltxcmds 2011/11/09 v1.22 LaTeX kernel commands for general use (HO)
)
\Gread@gobject=\count93
))
\Gin@req@height=\dimen104
\Gin@req@width=\dimen105
)
("C:\Program Files\MiKTeX 2.9\tex\latex\base\makeidx.sty"
Package: makeidx 2000/03/29 v1.0m Standard LaTeX package
)
("C:\Program Files\MiKTeX 2.9\tex\latex\hyperref\hyperref.sty"
Package: hyperref 2012/11/06 v6.83m Hypertext links for LaTeX

("C:\Program Files\MiKTeX 2.9\tex\generic\oberdiek\hobsub-hyperref.sty"
Package: hobsub-hyperref 2012/04/25 v1.12 Bundle oberdiek, subset hyperref (HO)


("C:\Program Files\MiKTeX 2.9\tex\generic\oberdiek\hobsub-generic.sty"
Package: hobsub-generic 2012/04/25 v1.12 Bundle oberdiek, subset generic (HO)
Package: hobsub 2012/04/25 v1.12 Construct package bundles (HO)
Package hobsub Info: Skipping package `infwarerr' (already loaded).
Package hobsub Info: Skipping package `ltxcmds' (already loaded).
Package: ifluatex 2010/03/01 v1.3 Provides the ifluatex switch (HO)
Package ifluatex Info: LuaTeX not detected.
Package: ifvtex 2010/03/01 v1.5 Detect VTeX and its facilities (HO)
Package ifvtex Info: VTeX not detected.
Package: intcalc 2007/09/27 v1.1 Expandable calculations with integers (HO)
Package: ifpdf 2011/01/30 v2.3 Provides the ifpdf switch (HO)
Package ifpdf Info: pdfTeX in PDF mode is detected.
Package: etexcmds 2011/02/16 v1.5 Avoid name clashes with e-TeX commands (HO)
Package etexcmds Info: Could not find \expanded.
(etexcmds)             That can mean that you are not using pdfTeX 1.50 or
(etexcmds)             that some package has redefined \expanded.
(etexcmds)             In the latter case, load this package earlier.
Package: kvsetkeys 2012/04/25 v1.16 Key value parser (HO)
Package: kvdefinekeys 2011/04/07 v1.3 Define keys (HO)
Package: pdftexcmds 2011/11/29 v0.20 Utility functions of pdfTeX for LuaTeX (HO
)
Package pdftexcmds Info: LuaTeX not detected.
Package pdftexcmds Info: \pdf@primitive is available.
Package pdftexcmds Info: \pdf@ifprimitive is available.
Package pdftexcmds Info: \pdfdraftmode found.
Package: pdfescape 2011/11/25 v1.13 Implements pdfTeX's escape features (HO)
Package: bigintcalc 2012/04/08 v1.3 Expandable calculations on big integers (HO
)
Package: bitset 2011/01/30 v1.1 Handle bit-vector datatype (HO)
Package: uniquecounter 2011/01/30 v1.2 Provide unlimited unique counter (HO)
)
Package hobsub Info: Skipping package `hobsub' (already loaded).
Package: letltxmacro 2010/09/02 v1.4 Let assignment for LaTeX macros (HO)
Package: hopatch 2011/06/24 v1.1 Wrapper for package hooks (HO)
Package: xcolor-patch 2011/01/30 xcolor patch
Package: atveryend 2011/06/30 v1.8 Hooks at the very end of document (HO)
Package atveryend Info: \enddocument detected (standard20110627).
Package: atbegshi 2011/10/05 v1.16 At begin shipout hook (HO)
Package: refcount 2011/10/16 v3.4 Data extraction from label references (HO)
Package: hycolor 2011/01/30 v1.7 Color options for hyperref/bookmark (HO)
)
("C:\Program Files\MiKTeX 2.9\tex\generic\ifxetex\ifxetex.sty"
Package: ifxetex 2010/09/12 v0.6 Provides ifxetex conditional
)
("C:\Program Files\MiKTeX 2.9\tex\latex\oberdiek\auxhook.sty"
Package: auxhook 2011/03/04 v1.3 Hooks for auxiliary files (HO)
)
("C:\Program Files\MiKTeX 2.9\tex\latex\oberdiek\kvoptions.sty"
Package: kvoptions 2011/06/30 v3.11 Key value format for package options (HO)
)
\@linkdim=\dimen106
\Hy@linkcounter=\count94
\Hy@pagecounter=\count95

("C:\Program Files\MiKTeX 2.9\tex\latex\hyperref\pd1enc.def"
File: pd1enc.def 2012/11/06 v6.83m Hyperref: PDFDocEncoding definition (HO)
)
\Hy@SavedSpaceFactor=\count96

("C:\Program Files\MiKTeX 2.9\tex\latex\00miktex\hyperref.cfg"
File: hyperref.cfg 2002/06/06 v1.2 hyperref configuration of TeXLive
)
Package hyperref Info: Hyper figures OFF on input line 4443.
Package hyperref Info: Link nesting OFF on input line 4448.
Package hyperref Info: Hyper index ON on input line 4451.
Package hyperref Info: Plain pages OFF on input line 4458.
Package hyperref Info: Backreferencing OFF on input line 4463.
Package hyperref Info: Implicit mode ON; LaTeX internals redefined.
Package hyperref Info: Bookmarks ON on input line 4688.
\c@Hy@tempcnt=\count97

("C:\Program Files\MiKTeX 2.9\tex\latex\url\url.sty"
\Urlmuskip=\muskip10
Package: url 2013/09/16  ver 3.4  Verb mode for urls, etc.
)
LaTeX Info: Redefining \url on input line 5041.
\XeTeXLinkMargin=\dimen107
\Fld@menulength=\count98
\Field@Width=\dimen108
\Fld@charsize=\dimen109
Package hyperref Info: Hyper figures OFF on input line 6295.
Package hyperref Info: Link nesting OFF on input line 6300.
Package hyperref Info: Hyper index ON on input line 6303.
Package hyperref Info: backreferencing OFF on input line 6310.
Package hyperref Info: Link coloring OFF on input line 6315.
Package hyperref Info: Link coloring with OCG OFF on input line 6320.
Package hyperref Info: PDF/A mode OFF on input line 6325.
LaTeX Info: Redefining \ref on input line 6365.
LaTeX Info: Redefining \pageref on input line 6369.
\Hy@abspage=\count99
\c@Item=\count100
\c@Hfootnote=\count101
)

Package hyperref Message: Driver (autodetected): hpdftex.

("C:\Program Files\MiKTeX 2.9\tex\latex\hyperref\hpdftex.def"
File: hpdftex.def 2012/11/06 v6.83m Hyperref driver for pdfTeX
\Fld@listcount=\count102
\c@bookmark@seq@number=\count103

("C:\Program Files\MiKTeX 2.9\tex\latex\oberdiek\rerunfilecheck.sty"
Package: rerunfilecheck 2011/04/15 v1.7 Rerun checks for auxiliary files (HO)
Package uniquecounter Info: New unique counter `rerunfilecheck' on input line 2
82.
)
\Hy@SectionHShift=\skip47
)
Package hyperref Info: Option `colorlinks' set `true' on input line 18.

("C:\Users\Lelethu Zazaza\Desktop\COS301-GROUP6-A\LaTex_Documents_Revised_Versi
on\COS301_Phase1_Group1_Specs.aux")
LaTeX Font Info:    Checking defaults for OML/cmm/m/it on input line 24.
LaTeX Font Info:    ... okay on input line 24.
LaTeX Font Info:    Checking defaults for T1/cmr/m/n on input line 24.
LaTeX Font Info:    ... okay on input line 24.
LaTeX Font Info:    Checking defaults for OT1/cmr/m/n on input line 24.
LaTeX Font Info:    ... okay on input line 24.
LaTeX Font Info:    Checking defaults for OMS/cmsy/m/n on input line 24.
LaTeX Font Info:    ... okay on input line 24.
LaTeX Font Info:    Checking defaults for OMX/cmex/m/n on input line 24.
LaTeX Font Info:    ... okay on input line 24.
LaTeX Font Info:    Checking defaults for U/cmr/m/n on input line 24.
LaTeX Font Info:    ... okay on input line 24.
LaTeX Font Info:    Checking defaults for PD1/pdf/m/n on input line 24.
LaTeX Font Info:    ... okay on input line 24.

("C:\Program Files\MiKTeX 2.9\tex\context\base\supp-pdf.mkii"
[Loading MPS to PDF converter (version 2006.09.02).]
\scratchcounter=\count104
\scratchdimen=\dimen110
\scratchbox=\box30
\nofMPsegments=\count105
\nofMParguments=\count106
\everyMPshowfont=\toks16
\MPscratchCnt=\count107
\MPscratchDim=\dimen111
\MPnumerator=\count108
\makeMPintoPDFobject=\count109
\everyMPtoPDFconversion=\toks17
)
\AtBeginShipoutBox=\box31
 ("C:\Program Files\MiKTeX 2.9\tex\latex\graphics\color.sty"
Package: color 2005/11/14 v1.0j Standard LaTeX Color (DPC)

("C:\Program Files\MiKTeX 2.9\tex\latex\00miktex\color.cfg"
File: color.cfg 2007/01/18 v1.5 color configuration of teTeX/TeXLive
)
Package color Info: Driver file: pdftex.def on input line 130.
)
Package hyperref Info: Link coloring ON on input line 24.

("C:\Program Files\MiKTeX 2.9\tex\latex\hyperref\nameref.sty"
Package: nameref 2012/10/27 v2.43 Cross-referencing by name of section

("C:\Program Files\MiKTeX 2.9\tex\generic\oberdiek\gettitlestring.sty"
Package: gettitlestring 2010/12/03 v1.4 Cleanup title references (HO)
)
\c@section@level=\count110
)
LaTeX Info: Redefining \ref on input line 24.
LaTeX Info: Redefining \pageref on input line 24.
LaTeX Info: Redefining \nameref on input line 24.

("C:\Users\Lelethu Zazaza\Desktop\COS301-GROUP6-A\LaTex_Documents_Revised_Versi
on\COS301_Phase1_Group1_Specs.out")
("C:\Users\Lelethu Zazaza\Desktop\COS301-GROUP6-A\LaTex_Documents_Revised_Versi
on\COS301_Phase1_Group1_Specs.out")
\@outlinefile=\write4

<./up-logo.jpg, id=31, 287.1528pt x 78.7743pt>
File: ./up-logo.jpg Graphic file (type jpg)
 <use ./up-logo.jpg>
Package pdftex.def Info: ./up-logo.jpg used on input line 32.
(pdftex.def)             Requested size: 446.9055pt x 122.60974pt.
LaTeX Font Info:    External font `cmex10' loaded for size
(Font)              <12> on input line 45.
LaTeX Font Info:    External font `cmex10' loaded for size
(Font)              <8> on input line 45.
LaTeX Font Info:    External font `cmex10' loaded for size
(Font)              <6> on input line 45.
 [1

{C:/ProgramData/MiKTeX/2.9/pdftex/config/pdftex.map} <C:/Users/Lelethu Zazaza/D
esktop/COS301-GROUP6-A/LaTex_Documents_Revised_Version/up-logo.jpg>]
("C:\Users\Lelethu Zazaza\Desktop\COS301-GROUP6-A\LaTex_Documents_Revised_Versi
on\declaration_of_originality.tex"
LaTeX Font Info:    External font `cmex10' loaded for size
(Font)              <7> on input line 51.
LaTeX Font Info:    External font `cmex10' loaded for size
(Font)              <5> on input line 51.

Overfull \hbox (3.29572pt too wide) in paragraph at lines 75--77
[]\OT1/cmss/m/n/10 SIGNATURES: []  DATE: []
 []


Underfull \hbox (badness 10000) in paragraph at lines 75--77

 []

pdfTeX warning (ext4): destination with the same identifier (name{page.1}) has 
been already used, duplicate ignored
<to be read again> 
                   \relax 
l.78 \newpage
              [1]) [2]

Package hyperref Warning: old toc file detected, not used; run LaTeX again.

\tf@toc=\write5

Overfull \hbox (27.35487pt too wide) in paragraph at lines 148--149
[]\OT1/cmr/m/n/12 For fur-ther ref-er-ences see [][]gitHub[][] or got to the li
nk https://github.com/DieBaber/COS301-
 []

<../Lelethu/BuzzSystem.jpg, id=56, 617.30624pt x 301.8778pt>
File: ../Lelethu/BuzzSystem.jpg Graphic file (type jpg)

<use ../Lelethu/BuzzSystem.jpg>
Package pdftex.def Info: ../Lelethu/BuzzSystem.jpg used on input line 151.
(pdftex.def)             Requested size: 446.9055pt x 218.55408pt.
LaTeX Font Info:    Try loading font information for OMS+cmr on input line 159.


("C:\Program Files\MiKTeX 2.9\tex\latex\base\omscmr.fd"
File: omscmr.fd 1999/05/25 v2.5h Standard LaTeX font definitions
)
LaTeX Font Info:    Font shape `OMS/cmr/m/n' in size <12> not available
(Font)              Font shape `OMS/cmsy/m/n' tried instead on input line 159.
 [3

 <C:/Users/Lelethu Zazaza/Desktop/COS301-GROUP6-A/Lelethu/BuzzSystem.jpg>]
Underfull \hbox (badness 10000) in paragraph at lines 181--181
[]|\OT1/cmr/m/n/12 Information
 []


Underfull \hbox (badness 4981) in paragraph at lines 181--181
\OT1/cmr/m/n/12 and tags must ex-
 []


Underfull \hbox (badness 2564) in paragraph at lines 181--181
\OT1/cmr/m/n/12 and dis-play lists of
 []


Underfull \hbox (badness 5504) in paragraph at lines 181--181
\OT1/cmr/m/n/12 by the buzz space
 []


Underfull \hbox (badness 1158) in paragraph at lines 182--182
[]|\OT1/cmr/m/n/12 A user needs to be
 []


Underfull \hbox (badness 1924) in paragraph at lines 182--182
\OT1/cmr/m/n/12 to his pro-file in-side
 []


Underfull \hbox (badness 3746) in paragraph at lines 182--182
\OT1/cmr/m/n/12 e-mails to be sent,
 []


Underfull \hbox (badness 4859) in paragraph at lines 182--182
\OT1/cmr/m/n/12 a valid and up-to-
 []


Underfull \hbox (badness 2478) in paragraph at lines 182--182
\OT1/cmr/m/n/12 needed on the user
 []


Underfull \hbox (badness 10000) in paragraph at lines 182--182
\OT1/cmr/m/n/12 vis-i-bally be high-
 []


Underfull \hbox (badness 1478) in paragraph at lines 182--182
\OT1/cmr/m/n/12 mes-sages. In some
 []


Underfull \hbox (badness 1005) in paragraph at lines 182--182
[]|\OT1/cmr/m/n/12 This use case spec-i-
 []


Underfull \hbox (badness 3657) in paragraph at lines 182--182
\OT1/cmr/m/n/12 that the Buzz sys-
 []


Underfull \hbox (badness 4378) in paragraph at lines 182--182
\OT1/cmr/m/n/12 tem needs to have
 []


Underfull \hbox (badness 5504) in paragraph at lines 183--183
\OT1/cmr/m/n/12 re-quired it is very
 []


Underfull \hbox (badness 1590) in paragraph at lines 183--183
\OT1/cmr/m/n/12 num-ber of posts on
 []


Underfull \hbox (badness 6047) in paragraph at lines 183--183
\OT1/cmr/m/n/12 the thread and to
 []


Underfull \hbox (badness 2961) in paragraph at lines 183--183
\OT1/cmr/m/n/12 al-ready have a few
 []


Underfull \hbox (badness 10000) in paragraph at lines 183--183
\OT1/cmr/m/n/12 thread sum-maries.
 []


Underfull \hbox (badness 7595) in paragraph at lines 183--183
\OT1/cmr/m/n/12 Some user iput is
 []


Underfull \hbox (badness 1072) in paragraph at lines 183--183
\OT1/cmr/m/n/12 usu-ally re-quired and
 []


Underfull \hbox (badness 1803) in paragraph at lines 183--183
\OT1/cmr/m/n/12 thread sum-mary (or
 []


Underfull \hbox (badness 10000) in paragraph at lines 183--183
[]|\OT1/cmr/m/n/12 This use case at-
 []


Underfull \hbox (badness 3219) in paragraph at lines 183--183
\OT1/cmr/m/n/12 as lit-tle user in-ter-
 []


Underfull \hbox (badness 4954) in paragraph at lines 183--183
\OT1/cmr/m/n/12 ven-tion as pos-si-ble.
 []


Underfull \hbox (badness 10000) in paragraph at lines 184--184
[]|\OT1/cmr/m/n/12 Achievement
 []


Underfull \hbox (badness 3838) in paragraph at lines 184--184
\OT1/cmr/m/n/12 Achieve-ments to be
 []


Underfull \hbox (badness 2213) in paragraph at lines 184--184
\OT1/cmr/m/n/12 al-lo-cated and/or re-
 []


Underfull \hbox (badness 2591) in paragraph at lines 184--184
\OT1/cmr/m/n/12 a sys-tem that al-lo-
 []


Underfull \hbox (badness 1117) in paragraph at lines 184--184
\OT1/cmr/m/n/12 lev-els and the votes
 []


Underfull \hbox (badness 7379) in paragraph at lines 184--184
\OT1/cmr/m/n/12 they aquired. it
 []


Underfull \hbox (badness 1454) in paragraph at lines 184--184
\OT1/cmr/m/n/12 that awards re-wards
 []


Underfull \hbox (badness 10000) in paragraph at lines 186--186
[]|\OT1/cmr/m/n/12 Post is pla-gia-rism
 []


Underfull \hbox (badness 10000) in paragraph at lines 186--186
\OT1/cmr/m/n/12 and/or does not
 []


Underfull \hbox (badness 1953) in paragraph at lines 186--186
\OT1/cmr/m/n/12 will val-i-date a post
 []


Underfull \hbox (badness 6691) in paragraph at lines 186--186
\OT1/cmr/m/n/12 pub-lish-ing it. It
 []


Underfull \hbox (badness 10000) in paragraph at lines 187--187
[]|\OT1/cmr/m/n/12 User Man-age-
 []


Underfull \hbox (badness 3557) in paragraph at lines 187--187
\OT1/cmr/m/n/12 tem which man-ages
 []


Overfull \hbox (27.88582pt too wide) in alignment at lines 177--190
 [] [] [] [] 
 []


Underfull \vbox (badness 10000) detected at line 190
 []

[4] [5] [6] <../Lelethu/BuzzSpace.jpg, id=77, 685.05937pt x 304.88907pt>
File: ../Lelethu/BuzzSpace.jpg Graphic file (type jpg)

<use ../Lelethu/BuzzSpace.jpg>
Package pdftex.def Info: ../Lelethu/BuzzSpace.jpg used on input line 198.
(pdftex.def)             Requested size: 446.9055pt x 198.90129pt.

Overfull \hbox (29.3747pt too wide) in paragraph at lines 198--198
 [] 
 []

[7 <C:/Users/Lelethu Zazaza/Desktop/COS301-GROUP6-A/Lelethu/BuzzSpace.jpg>]
<../Chris/Validation.jpg, id=82, 766.865pt x 485.815pt>
File: ../Chris/Validation.jpg Graphic file (type jpg)

<use ../Chris/Validation.jpg>
Package pdftex.def Info: ../Chris/Validation.jpg used on input line 203.
(pdftex.def)             Requested size: 446.9055pt x 283.12204pt.

Overfull \hbox (29.3747pt too wide) in paragraph at lines 203--203
 [] 
 []

<../Herman/Information_Management.jpg, id=83, 872.25874pt x 626.34pt>
File: ../Herman/Information_Management.jpg Graphic file (type jpg)

<use ../Herman/Information_Management.jpg>
Package pdftex.def Info: ../Herman/Information_Management.jpg used on input lin
e 207.
(pdftex.def)             Requested size: 446.9055pt x 320.90097pt.

Overfull \hbox (29.3747pt too wide) in paragraph at lines 207--207
 [] 
 []

[8 <C:/Users/Lelethu Zazaza/Desktop/COS301-GROUP6-A/Chris/Validation.jpg>]
<../Hanrich/Report.jpg, id=88, 831.105pt x 549.05125pt>
File: ../Hanrich/Report.jpg Graphic file (type jpg)

<use ../Hanrich/Report.jpg>
Package pdftex.def Info: ../Hanrich/Report.jpg used on input line 211.
(pdftex.def)             Requested size: 446.9055pt x 295.23495pt.

Overfull \hbox (29.3747pt too wide) in paragraph at lines 211--211
 [] 
 []

[9 <C:/Users/Lelethu Zazaza/Desktop/COS301-GROUP6-A/Herman/Information_Manageme
nt.jpg>] [10 <C:/Users/Lelethu Zazaza/Desktop/COS301-GROUP6-A/Hanrich/Report.jp
g>]
<../Jason/Communication_(Notifications).jpg, id=97, 836.12375pt x 764.8575pt>
File: ../Jason/Communication_(Notifications).jpg Graphic file (type jpg)

<use ../Jason/Communication_(Notifications).jpg>
Package pdftex.def Info: ../Jason/Communication_(Notifications).jpg used on inp
ut line 219.
(pdftex.def)             Requested size: 446.9055pt x 408.82709pt.

Overfull \hbox (29.3747pt too wide) in paragraph at lines 219--219
 [] 
 []

<../Herman/Summaries.jpg, id=98, 997.7275pt x 436.63126pt>
File: ../Herman/Summaries.jpg Graphic file (type jpg)

<use ../Herman/Summaries.jpg>
Package pdftex.def Info: ../Herman/Summaries.jpg used on input line 225.
(pdftex.def)             Requested size: 446.9055pt x 195.57616pt.

Overfull \hbox (29.3747pt too wide) in paragraph at lines 225--225
 [] 
 []

[11 <C:/Users/Lelethu Zazaza/Desktop/COS301-GROUP6-A/Jason/Communication_(Notif
ications).jpg>] <../Jason/Access.jpg, id=103, 798.985pt x 682.55pt>
File: ../Jason/Access.jpg Graphic file (type jpg)

<use ../Jason/Access.jpg>
Package pdftex.def Info: ../Jason/Access.jpg used on input line 232.
(pdftex.def)             Requested size: 446.9055pt x 381.77756pt.

Overfull \hbox (29.3747pt too wide) in paragraph at lines 232--232
 [] 
 []

[12 <C:/Users/Lelethu Zazaza/Desktop/COS301-GROUP6-A/Herman/Summaries.jpg> <C:/
Users/Lelethu Zazaza/Desktop/COS301-GROUP6-A/Jason/Access.jpg>]
<../Kale-ab/UserManagementUseCase.jpg, id=109, 976.64874pt x 588.1975pt>
File: ../Kale-ab/UserManagementUseCase.jpg Graphic file (type jpg)

<use ../Kale-ab/UserManagementUseCase.jpg>
Package pdftex.def Info: ../Kale-ab/UserManagementUseCase.jpg used on input lin
e 239.
(pdftex.def)             Requested size: 446.9055pt x 269.15605pt.

Overfull \hbox (29.3747pt too wide) in paragraph at lines 239--239
 [] 
 []


<../Goodness/Achievement_Rewards_System_Use_case_Diagram.jpg, id=110, 1203.4962
5pt x 611.28375pt>
File: ../Goodness/Achievement_Rewards_System_Use_case_Diagram.jpg Graphic file 
(type jpg)

<use ../Goodness/Achievement_Rewards_System_Use_case_Diagram.jpg>
Package pdftex.def Info: ../Goodness/Achievement_Rewards_System_Use_case_Diagra
m.jpg used on input line 246.
(pdftex.def)             Requested size: 446.9055pt x 226.99226pt.

Overfull \hbox (29.3747pt too wide) in paragraph at lines 246--246
 [] 
 []

[13 <C:/Users/Lelethu Zazaza/Desktop/COS301-GROUP6-A/Kale-ab/UserManagementUseC
ase.jpg>] <../Lelethu/createBuzzSpace.jpg, id=115, 715.17188pt x 326.72063pt>
File: ../Lelethu/createBuzzSpace.jpg Graphic file (type jpg)

<use ../Lelethu/createBuzzSpace.jpg>
Package pdftex.def Info: ../Lelethu/createBuzzSpace.jpg used on input line 254.

(pdftex.def)             Requested size: 446.9055pt x 204.16498pt.

Overfull \hbox (29.3747pt too wide) in paragraph at lines 254--254
 [] 
 []

<../Chris/Validationactivitydiagram.jpg, id=116, 795.97375pt x 772.8875pt>
File: ../Chris/Validationactivitydiagram.jpg Graphic file (type jpg)

<use ../Chris/Validationactivitydiagram.jpg>
Package pdftex.def Info: ../Chris/Validationactivitydiagram.jpg used on input l
ine 258.
(pdftex.def)             Requested size: 446.9055pt x 433.9344pt.

Overfull \hbox (29.3747pt too wide) in paragraph at lines 258--258
 [] 
 []

[14 <C:/Users/Lelethu Zazaza/Desktop/COS301-GROUP6-A/Goodness/Achievement_Rewar
ds_System_Use_case_Diagram.jpg> <C:/Users/Lelethu Zazaza/Desktop/COS301-GROUP6-
A/Lelethu/createBuzzSpace.jpg>]
<../Goodness/Achievement_Rewards_System_ActivityDiagram.jpg, id=121, 1161.33875
pt x 519.9425pt>
File: ../Goodness/Achievement_Rewards_System_ActivityDiagram.jpg Graphic file (
type jpg)

<use ../Goodness/Achievement_Rewards_System_ActivityDiagram.jpg>
Package pdftex.def Info: ../Goodness/Achievement_Rewards_System_ActivityDiagram
.jpg used on input line 263.
(pdftex.def)             Requested size: 446.9055pt x 200.08725pt.

Overfull \hbox (29.3747pt too wide) in paragraph at lines 263--263
 [] 
 []

[15 <C:/Users/Lelethu Zazaza/Desktop/COS301-GROUP6-A/Chris/Validationactivitydi
agram.jpg> <C:/Users/Lelethu Zazaza/Desktop/COS301-GROUP6-A/Goodness/Achievemen
t_Rewards_System_ActivityDiagram.jpg>]
<../Herman/SummariesActivity.jpg, id=126, 1468.48625pt x 495.8525pt>
File: ../Herman/SummariesActivity.jpg Graphic file (type jpg)

<use ../Herman/SummariesActivity.jpg>
Package pdftex.def Info: ../Herman/SummariesActivity.jpg used on input line 268
.
(pdftex.def)             Requested size: 446.9055pt x 150.8981pt.

Overfull \hbox (29.3747pt too wide) in paragraph at lines 268--268
 [] 
 []

<../Hanrich/BuzzElements.jpg, id=127, 731.73375pt x 464.73625pt>
File: ../Hanrich/BuzzElements.jpg Graphic file (type jpg)

<use ../Hanrich/BuzzElements.jpg>
Package pdftex.def Info: ../Hanrich/BuzzElements.jpg used on input line 273.
(pdftex.def)             Requested size: 446.9055pt x 283.83617pt.
 [16 <C:/Users/Lelethu Zazaza/Desktop/COS301-GROUP6-A/Herman/SummariesActivity.
jpg> <C:/Users/Lelethu Zazaza/Desktop/COS301-GROUP6-A/Hanrich/BuzzElements.jpg>
]
No file COS301_Phase1_Group1_Specs.bbl.
Package atveryend Info: Empty hook `BeforeClearDocument' on input line 281.
Package atveryend Info: Empty hook `AfterLastShipout' on input line 281.

("C:\Users\Lelethu Zazaza\Desktop\COS301-GROUP6-A\LaTex_Documents_Revised_Versi
on\COS301_Phase1_Group1_Specs.aux")
Package atveryend Info: Executing hook `AtVeryEndDocument' on input line 281.
Package atveryend Info: Executing hook `AtEndAfterFileList' on input line 281.
Package rerunfilecheck Info: File `COS301_Phase1_Group1_Specs.out' has not chan
ged.
(rerunfilecheck)             Checksum: 176CD47F8D37680E9A60BDBB397AC09B;500.
Package atveryend Info: Empty hook `AtVeryVeryEnd' on input line 281.
 ) 
Here is how much of TeX's memory you used:
 5258 strings out of 493921
 79953 string characters out of 3147256
 176803 words of memory out of 3000000
 8471 multiletter control sequences out of 15000+200000
 10937 words of font info for 38 fonts, out of 3000000 for 9000
 841 hyphenation exceptions out of 8191
 29i,7n,28p,839b,476s stack positions out of 5000i,500n,10000p,200000b,50000s
<C:/Program Files/MiKTeX 2.9/fonts/type1/public/amsfonts/cm/cmbx12.pfb><C:/Pr
ogram Files/MiKTeX 2.9/fonts/type1/public/amsfonts/cm/cmcsc10.pfb><C:/Program F
iles/MiKTeX 2.9/fonts/type1/public/amsfonts/cm/cmr12.pfb><C:/Program Files/MiKT
eX 2.9/fonts/type1/public/amsfonts/cm/cmss10.pfb><C:/Program Files/MiKTeX 2.9/f
onts/type1/public/amsfonts/cm/cmssbx10.pfb><C:/Program Files/MiKTeX 2.9/fonts/t
ype1/public/amsfonts/cm/cmsy10.pfb><C:/Program Files/MiKTeX 2.9/fonts/type1/pub
lic/amsfonts/cm/cmti12.pfb>
Output written on COS301_Phase1_Group1_Specs.pdf (17 pages, 2537763 bytes).
PDF statistics:
 163 PDF objects out of 1000 (max. 8388607)
 30 named destinations out of 1000 (max. 500000)
 137 words of extra memory for PDF output out of 10000 (max. 10000000)

