<<<<<<< HEAD
This is pdfTeX, Version 3.14159265-2.6-1.40.15 (TeX Live 2014) (preloaded format=pdflatex 2015.2.19)  25 FEB 2015 09:09
=======
This is pdfTeX, Version 3.1415926-2.5-1.40.14 (MiKTeX 2.9 64-bit) (preloaded format=pdflatex 2015.2.24)  24 FEB 2015 22:36
>>>>>>> parent of c9c34b4... Use case diagrams were updated by adding pre and post conditions. Finally, the images were added to the tex file.
entering extended mode
 restricted \write18 enabled.
 file:line:error style messages enabled.
 %&-line parsing enabled.
**COS301_Phase1_Group1_Specs.tex
<<<<<<< HEAD
(./COS301_Phase1_Group1_Specs.tex
LaTeX2e <2014/05/01>
Babel <3.9k> and hyphenation patterns for 78 languages loaded.
(/usr/local/texlive/2014/texmf-dist/tex/latex/base/report.cls
Document Class: report 2007/10/19 v1.4h Standard LaTeX document class
(/usr/local/texlive/2014/texmf-dist/tex/latex/base/size12.clo
=======

(O:\Uni\2015\COS301\GitHub\COS301-GROUP6-A\LaTex_Documents\COS301_Phase1_Group1
_Specs.tex
LaTeX2e <2011/06/27>
Babel <v3.8m> and hyphenation patterns for english, afrikaans, ancientgreek, ar
abic, armenian, assamese, basque, bengali, bokmal, bulgarian, catalan, coptic, 
croatian, czech, danish, dutch, esperanto, estonian, farsi, finnish, french, ga
lician, german, german-x-2013-05-26, greek, gujarati, hindi, hungarian, iceland
ic, indonesian, interlingua, irish, italian, kannada, kurmanji, latin, latvian,
 lithuanian, malayalam, marathi, mongolian, mongolianlmc, monogreek, ngerman, n
german-x-2013-05-26, nynorsk, oriya, panjabi, pinyin, polish, portuguese, roman
ian, russian, sanskrit, serbian, slovak, slovenian, spanish, swedish, swissgerm
an, tamil, telugu, turkish, turkmen, ukenglish, ukrainian, uppersorbian, usengl
ishmax, welsh, loaded.
("J:\Program Files\MikTex 2.9\tex\latex\base\report.cls"
Document Class: report 2007/10/19 v1.4h Standard LaTeX document class
("J:\Program Files\MikTex 2.9\tex\latex\base\size12.clo"
>>>>>>> parent of c9c34b4... Use case diagrams were updated by adding pre and post conditions. Finally, the images were added to the tex file.
File: size12.clo 2007/10/19 v1.4h Standard LaTeX file (size option)
)
\c@part=\count79
\c@chapter=\count80
\c@section=\count81
\c@subsection=\count82
\c@subsubsection=\count83
\c@paragraph=\count84
\c@subparagraph=\count85
\c@figure=\count86
\c@table=\count87
\abovecaptionskip=\skip41
\belowcaptionskip=\skip42
\bibindent=\dimen102
)
\@indexfile=\write3
\openout3 = `COS301_Phase1_Group1_Specs.idx'.


Writing index file COS301_Phase1_Group1_Specs.idx
<<<<<<< HEAD
(/usr/local/texlive/2014/texmf-dist/tex/latex/graphics/graphicx.sty
Package: graphicx 2014/04/25 v1.0g Enhanced LaTeX Graphics (DPC,SPQR)

(/usr/local/texlive/2014/texmf-dist/tex/latex/graphics/keyval.sty
Package: keyval 2014/05/08 v1.15 key=value parser (DPC)
\KV@toks@=\toks14
)
(/usr/local/texlive/2014/texmf-dist/tex/latex/graphics/graphics.sty
Package: graphics 2009/02/05 v1.0o Standard LaTeX Graphics (DPC,SPQR)

(/usr/local/texlive/2014/texmf-dist/tex/latex/graphics/trig.sty
Package: trig 1999/03/16 v1.09 sin cos tan (DPC)
)
(/usr/local/texlive/2014/texmf-dist/tex/latex/latexconfig/graphics.cfg
File: graphics.cfg 2010/04/23 v1.9 graphics configuration of TeX Live
)
Package graphics Info: Driver file: pdftex.def on input line 91.

(/usr/local/texlive/2014/texmf-dist/tex/latex/pdftex-def/pdftex.def
File: pdftex.def 2011/05/27 v0.06d Graphics/color for pdfTeX

(/usr/local/texlive/2014/texmf-dist/tex/generic/oberdiek/infwarerr.sty
Package: infwarerr 2010/04/08 v1.3 Providing info/warning/error messages (HO)
)
(/usr/local/texlive/2014/texmf-dist/tex/generic/oberdiek/ltxcmds.sty
=======
("J:\Program Files\MikTex 2.9\tex\latex\graphics\graphicx.sty"
Package: graphicx 1999/02/16 v1.0f Enhanced LaTeX Graphics (DPC,SPQR)

("J:\Program Files\MikTex 2.9\tex\latex\graphics\keyval.sty"
Package: keyval 1999/03/16 v1.13 key=value parser (DPC)
\KV@toks@=\toks14
)
("J:\Program Files\MikTex 2.9\tex\latex\graphics\graphics.sty"
Package: graphics 2009/02/05 v1.0o Standard LaTeX Graphics (DPC,SPQR)

("J:\Program Files\MikTex 2.9\tex\latex\graphics\trig.sty"
Package: trig 1999/03/16 v1.09 sin cos tan (DPC)
)
("J:\Program Files\MikTex 2.9\tex\latex\00miktex\graphics.cfg"
File: graphics.cfg 2007/01/18 v1.5 graphics configuration of teTeX/TeXLive
)
Package graphics Info: Driver file: pdftex.def on input line 91.

("J:\Program Files\MikTex 2.9\tex\latex\pdftex-def\pdftex.def"
File: pdftex.def 2011/05/27 v0.06d Graphics/color for pdfTeX

("J:\Program Files\MikTex 2.9\tex\generic\oberdiek\infwarerr.sty"
Package: infwarerr 2010/04/08 v1.3 Providing info/warning/error messages (HO)
)
("J:\Program Files\MikTex 2.9\tex\generic\oberdiek\ltxcmds.sty"
>>>>>>> parent of c9c34b4... Use case diagrams were updated by adding pre and post conditions. Finally, the images were added to the tex file.
Package: ltxcmds 2011/11/09 v1.22 LaTeX kernel commands for general use (HO)
)
\Gread@gobject=\count88
))
\Gin@req@height=\dimen103
\Gin@req@width=\dimen104
)
<<<<<<< HEAD
(/usr/local/texlive/2014/texmf-dist/tex/latex/base/makeidx.sty
Package: makeidx 2000/03/29 v1.0m Standard LaTeX package
)
(./COS301_Phase1_Group1_Specs.aux)
\openout1 = `COS301_Phase1_Group1_Specs.aux'.

LaTeX Font Info:    Checking defaults for OML/cmm/m/it on input line 17.
LaTeX Font Info:    ... okay on input line 17.
LaTeX Font Info:    Checking defaults for T1/cmr/m/n on input line 17.
LaTeX Font Info:    ... okay on input line 17.
LaTeX Font Info:    Checking defaults for OT1/cmr/m/n on input line 17.
LaTeX Font Info:    ... okay on input line 17.
LaTeX Font Info:    Checking defaults for OMS/cmsy/m/n on input line 17.
LaTeX Font Info:    ... okay on input line 17.
LaTeX Font Info:    Checking defaults for OMX/cmex/m/n on input line 17.
LaTeX Font Info:    ... okay on input line 17.
LaTeX Font Info:    Checking defaults for U/cmr/m/n on input line 17.
LaTeX Font Info:    ... okay on input line 17.

(/usr/local/texlive/2014/texmf-dist/tex/context/base/supp-pdf.mkii
[Loading MPS to PDF converter (version 2006.09.02).]
\scratchcounter=\count89
\scratchdimen=\dimen105
\scratchbox=\box26
\nofMPsegments=\count90
\nofMParguments=\count91
\everyMPshowfont=\toks15
\MPscratchCnt=\count92
\MPscratchDim=\dimen106
\MPnumerator=\count93
\makeMPintoPDFobject=\count94
\everyMPtoPDFconversion=\toks16
) (/usr/local/texlive/2014/texmf-dist/tex/generic/oberdiek/pdftexcmds.sty
Package: pdftexcmds 2011/11/29 v0.20 Utility functions of pdfTeX for LuaTeX (HO
)

(/usr/local/texlive/2014/texmf-dist/tex/generic/oberdiek/ifluatex.sty
=======
("J:\Program Files\MikTex 2.9\tex\latex\base\makeidx.sty"
Package: makeidx 2000/03/29 v1.0m Standard LaTeX package
)
("J:\Program Files\MikTex 2.9\tex\latex\hyperref\hyperref.sty"
Package: hyperref 2012/11/06 v6.83m Hypertext links for LaTeX

("J:\Program Files\MikTex 2.9\tex\generic\oberdiek\hobsub-hyperref.sty"
Package: hobsub-hyperref 2012/04/25 v1.12 Bundle oberdiek, subset hyperref (HO)


("J:\Program Files\MikTex 2.9\tex\generic\oberdiek\hobsub-generic.sty"
Package: hobsub-generic 2012/04/25 v1.12 Bundle oberdiek, subset generic (HO)
Package: hobsub 2012/04/25 v1.12 Construct package bundles (HO)
Package hobsub Info: Skipping package `infwarerr' (already loaded).
Package hobsub Info: Skipping package `ltxcmds' (already loaded).
>>>>>>> parent of c9c34b4... Use case diagrams were updated by adding pre and post conditions. Finally, the images were added to the tex file.
Package: ifluatex 2010/03/01 v1.3 Provides the ifluatex switch (HO)
Package ifluatex Info: LuaTeX not detected.
)
(/usr/local/texlive/2014/texmf-dist/tex/generic/oberdiek/ifpdf.sty
Package: ifpdf 2011/01/30 v2.3 Provides the ifpdf switch (HO)
Package ifpdf Info: pdfTeX in PDF mode is detected.
)
Package pdftexcmds Info: LuaTeX not detected.
Package pdftexcmds Info: \pdf@primitive is available.
Package pdftexcmds Info: \pdf@ifprimitive is available.
Package pdftexcmds Info: \pdfdraftmode found.
<<<<<<< HEAD
)
(/usr/local/texlive/2014/texmf-dist/tex/latex/oberdiek/epstopdf-base.sty
Package: epstopdf-base 2010/02/09 v2.5 Base part for package epstopdf

(/usr/local/texlive/2014/texmf-dist/tex/latex/oberdiek/grfext.sty
Package: grfext 2010/08/19 v1.1 Manage graphics extensions (HO)

(/usr/local/texlive/2014/texmf-dist/tex/generic/oberdiek/kvdefinekeys.sty
Package: kvdefinekeys 2011/04/07 v1.3 Define keys (HO)
))
(/usr/local/texlive/2014/texmf-dist/tex/latex/oberdiek/kvoptions.sty
Package: kvoptions 2011/06/30 v3.11 Key value format for package options (HO)

(/usr/local/texlive/2014/texmf-dist/tex/generic/oberdiek/kvsetkeys.sty
Package: kvsetkeys 2012/04/25 v1.16 Key value parser (HO)

(/usr/local/texlive/2014/texmf-dist/tex/generic/oberdiek/etexcmds.sty
Package: etexcmds 2011/02/16 v1.5 Avoid name clashes with e-TeX commands (HO)
Package etexcmds Info: Could not find \expanded.
(etexcmds)             That can mean that you are not using pdfTeX 1.50 or
(etexcmds)             that some package has redefined \expanded.
(etexcmds)             In the latter case, load this package earlier.
)))
Package grfext Info: Graphics extension search list:
(grfext)             [.png,.pdf,.jpg,.mps,.jpeg,.jbig2,.jb2,.PNG,.PDF,.JPG,.JPE
G,.JBIG2,.JB2,.eps]
(grfext)             \AppendGraphicsExtensions on input line 452.

(/usr/local/texlive/2014/texmf-dist/tex/latex/latexconfig/epstopdf-sys.cfg
File: epstopdf-sys.cfg 2010/07/13 v1.3 Configuration of (r)epstopdf for TeX Liv
e
))
<./up-logo.jpg, id=1, 287.1528pt x 78.7743pt>
File: ./up-logo.jpg Graphic file (type jpg)
 <use ./up-logo.jpg>
Package pdftex.def Info: ./up-logo.jpg used on input line 25.
=======
Package: pdfescape 2011/11/25 v1.13 Implements pdfTeX's escape features (HO)
Package: bigintcalc 2012/04/08 v1.3 Expandable calculations on big integers (HO
)
Package: bitset 2011/01/30 v1.1 Handle bit-vector datatype (HO)
Package: uniquecounter 2011/01/30 v1.2 Provide unlimited unique counter (HO)
)
Package hobsub Info: Skipping package `hobsub' (already loaded).
Package: letltxmacro 2010/09/02 v1.4 Let assignment for LaTeX macros (HO)
Package: hopatch 2011/06/24 v1.1 Wrapper for package hooks (HO)
Package: xcolor-patch 2011/01/30 xcolor patch
Package: atveryend 2011/06/30 v1.8 Hooks at the very end of document (HO)
Package atveryend Info: \enddocument detected (standard20110627).
Package: atbegshi 2011/10/05 v1.16 At begin shipout hook (HO)
Package: refcount 2011/10/16 v3.4 Data extraction from label references (HO)
Package: hycolor 2011/01/30 v1.7 Color options for hyperref/bookmark (HO)
)
("J:\Program Files\MikTex 2.9\tex\generic\ifxetex\ifxetex.sty"
Package: ifxetex 2010/09/12 v0.6 Provides ifxetex conditional
)
("J:\Program Files\MikTex 2.9\tex\latex\oberdiek\auxhook.sty"
Package: auxhook 2011/03/04 v1.3 Hooks for auxiliary files (HO)
)
("J:\Program Files\MikTex 2.9\tex\latex\oberdiek\kvoptions.sty"
Package: kvoptions 2011/06/30 v3.11 Key value format for package options (HO)
)
\@linkdim=\dimen105
\Hy@linkcounter=\count89
\Hy@pagecounter=\count90

("J:\Program Files\MikTex 2.9\tex\latex\hyperref\pd1enc.def"
File: pd1enc.def 2012/11/06 v6.83m Hyperref: PDFDocEncoding definition (HO)
)
\Hy@SavedSpaceFactor=\count91

("J:\Program Files\MikTex 2.9\tex\latex\00miktex\hyperref.cfg"
File: hyperref.cfg 2002/06/06 v1.2 hyperref configuration of TeXLive
)
Package hyperref Info: Hyper figures OFF on input line 4443.
Package hyperref Info: Link nesting OFF on input line 4448.
Package hyperref Info: Hyper index ON on input line 4451.
Package hyperref Info: Plain pages OFF on input line 4458.
Package hyperref Info: Backreferencing OFF on input line 4463.
Package hyperref Info: Implicit mode ON; LaTeX internals redefined.
Package hyperref Info: Bookmarks ON on input line 4688.
\c@Hy@tempcnt=\count92

(C:\Users\Chris\AppData\Roaming\MiKTeX\2.9\tex\latex\url\url.sty
\Urlmuskip=\muskip10
Package: url 2013/09/16  ver 3.4  Verb mode for urls, etc.
)
LaTeX Info: Redefining \url on input line 5041.
\XeTeXLinkMargin=\dimen106
\Fld@menulength=\count93
\Field@Width=\dimen107
\Fld@charsize=\dimen108
Package hyperref Info: Hyper figures OFF on input line 6295.
Package hyperref Info: Link nesting OFF on input line 6300.
Package hyperref Info: Hyper index ON on input line 6303.
Package hyperref Info: backreferencing OFF on input line 6310.
Package hyperref Info: Link coloring OFF on input line 6315.
Package hyperref Info: Link coloring with OCG OFF on input line 6320.
Package hyperref Info: PDF/A mode OFF on input line 6325.
LaTeX Info: Redefining \ref on input line 6365.
LaTeX Info: Redefining \pageref on input line 6369.
\Hy@abspage=\count94
\c@Item=\count95
\c@Hfootnote=\count96
)

Package hyperref Message: Driver (autodetected): hpdftex.

("J:\Program Files\MikTex 2.9\tex\latex\hyperref\hpdftex.def"
File: hpdftex.def 2012/11/06 v6.83m Hyperref driver for pdfTeX
\Fld@listcount=\count97
\c@bookmark@seq@number=\count98

("J:\Program Files\MikTex 2.9\tex\latex\oberdiek\rerunfilecheck.sty"
Package: rerunfilecheck 2011/04/15 v1.7 Rerun checks for auxiliary files (HO)
Package uniquecounter Info: New unique counter `rerunfilecheck' on input line 2
82.
)
\Hy@SectionHShift=\skip43
)
Package hyperref Info: Option `colorlinks' set `true' on input line 18.

(O:\Uni\2015\COS301\GitHub\COS301-GROUP6-A\LaTex_Documents\COS301_Phase1_Group1
_Specs.aux)
LaTeX Font Info:    Checking defaults for OML/cmm/m/it on input line 24.
LaTeX Font Info:    ... okay on input line 24.
LaTeX Font Info:    Checking defaults for T1/cmr/m/n on input line 24.
LaTeX Font Info:    ... okay on input line 24.
LaTeX Font Info:    Checking defaults for OT1/cmr/m/n on input line 24.
LaTeX Font Info:    ... okay on input line 24.
LaTeX Font Info:    Checking defaults for OMS/cmsy/m/n on input line 24.
LaTeX Font Info:    ... okay on input line 24.
LaTeX Font Info:    Checking defaults for OMX/cmex/m/n on input line 24.
LaTeX Font Info:    ... okay on input line 24.
LaTeX Font Info:    Checking defaults for U/cmr/m/n on input line 24.
LaTeX Font Info:    ... okay on input line 24.
LaTeX Font Info:    Checking defaults for PD1/pdf/m/n on input line 24.
LaTeX Font Info:    ... okay on input line 24.

(C:\Users\Chris\AppData\Roaming\MiKTeX\2.9\tex\context\base\supp-pdf.mkii
[Loading MPS to PDF converter (version 2006.09.02).]
\scratchcounter=\count99
\scratchdimen=\dimen109
\scratchbox=\box26
\nofMPsegments=\count100
\nofMParguments=\count101
\everyMPshowfont=\toks15
\MPscratchCnt=\count102
\MPscratchDim=\dimen110
\MPnumerator=\count103
\makeMPintoPDFobject=\count104
\everyMPtoPDFconversion=\toks16
)
\AtBeginShipoutBox=\box27
 ("J:\Program Files\MikTex 2.9\tex\latex\graphics\color.sty"
Package: color 2005/11/14 v1.0j Standard LaTeX Color (DPC)

("J:\Program Files\MikTex 2.9\tex\latex\00miktex\color.cfg"
File: color.cfg 2007/01/18 v1.5 color configuration of teTeX/TeXLive
)
Package color Info: Driver file: pdftex.def on input line 130.
)
Package hyperref Info: Link coloring ON on input line 24.

("J:\Program Files\MikTex 2.9\tex\latex\hyperref\nameref.sty"
Package: nameref 2012/10/27 v2.43 Cross-referencing by name of section

("J:\Program Files\MikTex 2.9\tex\generic\oberdiek\gettitlestring.sty"
Package: gettitlestring 2010/12/03 v1.4 Cleanup title references (HO)
)
\c@section@level=\count105
)
LaTeX Info: Redefining \ref on input line 24.
LaTeX Info: Redefining \pageref on input line 24.
LaTeX Info: Redefining \nameref on input line 24.

(O:\Uni\2015\COS301\GitHub\COS301-GROUP6-A\LaTex_Documents\COS301_Phase1_Group1
_Specs.out)
(O:\Uni\2015\COS301\GitHub\COS301-GROUP6-A\LaTex_Documents\COS301_Phase1_Group1
_Specs.out)
\@outlinefile=\write4
 <./up-logo.jpg, id=59, 287.1528pt x 78.7743pt>
File: ./up-logo.jpg Graphic file (type jpg)
 <use ./up-logo.jpg>
Package pdftex.def Info: ./up-logo.jpg used on input line 32.
>>>>>>> parent of c9c34b4... Use case diagrams were updated by adding pre and post conditions. Finally, the images were added to the tex file.
(pdftex.def)             Requested size: 446.9055pt x 122.60974pt.
LaTeX Font Info:    External font `cmex10' loaded for size
(Font)              <12> on input line 38.
LaTeX Font Info:    External font `cmex10' loaded for size
(Font)              <8> on input line 38.
LaTeX Font Info:    External font `cmex10' loaded for size
<<<<<<< HEAD
(Font)              <6> on input line 38.
 [1

{/usr/local/texlive/2014/texmf-var/fonts/map/pdftex/updmap/pdftex.map} <./up-lo
go.jpg>]
(./declaration_of_originality.tex [1]
=======
(Font)              <6> on input line 45.

[1

{C:/Users/Chris/AppData/Local/MiKTeX/2.9/pdftex/config/pdftex.map} <O:/Uni/2015
/COS301/GitHub/COS301-GROUP6-A/LaTex_Documents/up-logo.jpg>]
(O:\Uni\2015\COS301\GitHub\COS301-GROUP6-A\LaTex_Documents\declaration_of_origi
nality.tex
>>>>>>> parent of c9c34b4... Use case diagrams were updated by adding pre and post conditions. Finally, the images were added to the tex file.
LaTeX Font Info:    External font `cmex10' loaded for size
(Font)              <7> on input line 52.
LaTeX Font Info:    External font `cmex10' loaded for size
(Font)              <5> on input line 52.
 [2] [3]
Overfull \hbox (3.29572pt too wide) in paragraph at lines 157--159
[]\OT1/cmss/m/n/10 SIGNATURES: []  DATE: []
 []


Underfull \hbox (badness 10000) in paragraph at lines 157--159

 []

<<<<<<< HEAD
[4]) [5] [6] (./COS301_Phase1_Group1_Specs.toc)
\tf@toc=\write4
\openout4 = `COS301_Phase1_Group1_Specs.toc'.

 [7
=======
pdfTeX warning (ext4): destination with the same identifier (name{page.1}) has 
been already used, duplicate ignored
<to be read again> 
                   \relax 
l.78 \newpage
              [1]) [2]
(O:\Uni\2015\COS301\GitHub\COS301-GROUP6-A\LaTex_Documents\COS301_Phase1_Group1
_Specs.toc)
\tf@toc=\write5
 [3
>>>>>>> parent of c9c34b4... Use case diagrams were updated by adding pre and post conditions. Finally, the images were added to the tex file.

]
LaTeX Font Info:    Try loading font information for OMS+cmr on input line 138.


<<<<<<< HEAD
(/usr/local/texlive/2014/texmf-dist/tex/latex/base/omscmr.fd
File: omscmr.fd 1999/05/25 v2.5h Standard LaTeX font definitions
)
LaTeX Font Info:    Font shape `OMS/cmr/m/n' in size <12> not available
(Font)              Font shape `OMS/cmsy/m/n' tried instead on input line 138.
 [8] [9]
No file COS301_Phase1_Group1_Specs.bbl.
(./COS301_Phase1_Group1_Specs.aux) ) 
Here is how much of TeX's memory you used:
 1569 strings out of 493117
 22860 string characters out of 6135433
 82509 words of memory out of 5000000
 5024 multiletter control sequences out of 15000+600000
 10937 words of font info for 38 fonts, out of 8000000 for 9000
 1141 hyphenation exceptions out of 8191
 38i,7n,23p,399b,251s stack positions out of 5000i,500n,10000p,200000b,80000s
</usr/local/texlive/2014/texmf-dist/fonts/t
ype1/public/amsfonts/cm/cmbx12.pfb></usr/local/texlive/2014/texmf-dist/fonts/ty
pe1/public/amsfonts/cm/cmcsc10.pfb></usr/local/texlive/2014/texmf-dist/fonts/ty
pe1/public/amsfonts/cm/cmr10.pfb></usr/local/texlive/2014/texmf-dist/fonts/type
1/public/amsfonts/cm/cmr12.pfb></usr/local/texlive/2014/texmf-dist/fonts/type1/
public/amsfonts/cm/cmss10.pfb></usr/local/texlive/2014/texmf-dist/fonts/type1/p
ublic/amsfonts/cm/cmssbx10.pfb></usr/local/texlive/2014/texmf-dist/fonts/type1/
public/amsfonts/cm/cmsy10.pfb></usr/local/texlive/2014/texmf-dist/fonts/type1/p
ublic/amsfonts/cm/cmti12.pfb>
Output written on COS301_Phase1_Group1_Specs.pdf (10 pages, 164576 bytes).
PDF statistics:
 70 PDF objects out of 1000 (max. 8388607)
 48 compressed objects within 1 object stream
 0 named destinations out of 1000 (max. 500000)
 6 words of extra memory for PDF output out of 10000 (max. 10000000)
=======
 ("J:\Program Files\MikTex 2.9\tex\latex\base\omscmr.fd"
File: omscmr.fd 1999/05/25 v2.5h Standard LaTeX font definitions
)
LaTeX Font Info:    Font shape `OMS/cmr/m/n' in size <12> not available
(Font)              Font shape `OMS/cmsy/m/n' tried instead on input line 167.

<../Functional_Requirements_DIagrams/UseCases/UseCase_Login.jpg, id=103, 836.12
375pt x 608.2725pt>
File: ../Functional_Requirements_DIagrams/UseCases/UseCase_Login.jpg Graphic fi
le (type jpg)

<use ../Functional_Requirements_DIagrams/UseCases/UseCase_Login.jpg>
Package pdftex.def Info: ../Functional_Requirements_DIagrams/UseCases/UseCase_L
ogin.jpg used on input line 169.
(pdftex.def)             Requested size: 446.9055pt x 325.13022pt.

Overfull \hbox (29.3747pt too wide) in paragraph at lines 169--169
 [] 
 []

[4]
<../Functional_Requirements_DIagrams/UseCases/UseCase_Logout.jpg, id=109, 798.9
85pt x 593.21625pt>
File: ../Functional_Requirements_DIagrams/UseCases/UseCase_Logout.jpg Graphic f
ile (type jpg)

<use ../Functional_Requirements_DIagrams/UseCases/UseCase_Logout.jpg>
Package pdftex.def Info: ../Functional_Requirements_DIagrams/UseCases/UseCase_L
ogout.jpg used on input line 173.
(pdftex.def)             Requested size: 446.9055pt x 331.8096pt.

Overfull \hbox (29.3747pt too wide) in paragraph at lines 173--173
 [] 
 []

[5 <O:/Uni/2015/COS301/GitHub/COS301-GROUP6-A/Functional_Requirements_DIagrams/
UseCases/UseCase_Login.jpg>]
<../Functional_Requirements_DIagrams/UseCases/use_case_createBuzzSpace.jpg, id=
114, 665.48625pt x 359.09157pt>
File: ../Functional_Requirements_DIagrams/UseCases/use_case_createBuzzSpace.jpg
 Graphic file (type jpg)

<use ../Functional_Requirements_DIagrams/UseCases/use_case_createBuzzSpace.jpg>
Package pdftex.def Info: ../Functional_Requirements_DIagrams/UseCases/use_case_
createBuzzSpace.jpg used on input line 177.
(pdftex.def)             Requested size: 446.9055pt x 241.14899pt.

Overfull \hbox (29.3747pt too wide) in paragraph at lines 177--177
 [] 
 []


LaTeX Warning: File `../Functional_Requirements_Diagrams/UseCases1,2,3 - Kale-a
b Tessera/UseCase1.jpg' not found on input line 181.


<../Functional_Requirements_Diagrams/UseCases1,2,3 - Kale-ab Tessera/UseCase1.j
pg, id=115, 892.33376pt x 797.98125pt>
File: ../Functional_Requirements_Diagrams/UseCases1,2,3 - Kale-ab Tessera/UseCa
se1.jpg Graphic file (type jpg)

<use ../Functional_Requirements_Diagrams/UseCases1,2,3 - Kale-ab Tessera/UseCas
e1.jpg>
Package pdftex.def Info: ../Functional_Requirements_Diagrams/UseCases1,2,3 - Ka
le-ab Tessera/UseCase1.jpg used on input line 181.
(pdftex.def)             Requested size: 446.9055pt x 399.65933pt.

Overfull \hbox (29.3747pt too wide) in paragraph at lines 181--181
 [] 
 []

[6 <O:/Uni/2015/COS301/GitHub/COS301-GROUP6-A/Functional_Requirements_DIagrams/
UseCases/UseCase_Logout.jpg> <O:/Uni/2015/COS301/GitHub/COS301-GROUP6-A/Functio
nal_Requirements_DIagrams/UseCases/use_case_createBuzzSpace.jpg>]
<../Functional_Requirements_DIagrams/UseCases/use_case_message_Restriction.jpg,
 id=121, 806.01125pt x 805.0075pt>
File: ../Functional_Requirements_DIagrams/UseCases/use_case_message_Restriction
.jpg Graphic file (type jpg)

<use ../Functional_Requirements_DIagrams/UseCases/use_case_message_Restriction.
jpg>
Package pdftex.def Info: ../Functional_Requirements_DIagrams/UseCases/use_case_
message_Restriction.jpg used on input line 188.
(pdftex.def)             Requested size: 446.9055pt x 446.34225pt.

Overfull \hbox (29.3747pt too wide) in paragraph at lines 188--188
 [] 
 []

[7 <O:/Uni/2015/COS301/GitHub/COS301-GROUP6-A/Functional_Requirements_Diagrams/
UseCases1,2,3 - Kale-ab Tessera/UseCase1.jpg>]
<../Functional_Requirements_DIagrams/UseCases/UseCase_StatisticalInformation.jp
g, id=126, 1532.72626pt x 914.41624pt>
File: ../Functional_Requirements_DIagrams/UseCases/UseCase_StatisticalInformati
on.jpg Graphic file (type jpg)

<use ../Functional_Requirements_DIagrams/UseCases/UseCase_StatisticalInformatio
n.jpg>
Package pdftex.def Info: ../Functional_Requirements_DIagrams/UseCases/UseCase_S
tatisticalInformation.jpg used on input line 194.
(pdftex.def)             Requested size: 446.9055pt x 266.61107pt.

Overfull \hbox (29.3747pt too wide) in paragraph at lines 194--194
 [] 
 []

[8 <O:/Uni/2015/COS301/GitHub/COS301-GROUP6-A/Functional_Requirements_DIagrams/
UseCases/use_case_message_Restriction.jpg>]
<../Functional_Requirements_DIagrams/UseCases/UseCase_SocialTagging.jpg, id=131
, 820.06375pt x 578.16pt>
File: ../Functional_Requirements_DIagrams/UseCases/UseCase_SocialTagging.jpg Gr
aphic file (type jpg)

<use ../Functional_Requirements_DIagrams/UseCases/UseCase_SocialTagging.jpg>
Package pdftex.def Info: ../Functional_Requirements_DIagrams/UseCases/UseCase_S
ocialTagging.jpg used on input line 198.
(pdftex.def)             Requested size: 446.9055pt x 315.08655pt.

Overfull \hbox (29.3747pt too wide) in paragraph at lines 198--198
 [] 
 []


<../Functional_Requirements_DIagrams/UseCases/UseCase_SearchingAndFiltering.jpg
, id=132, 800.9925pt x 578.16pt>
File: ../Functional_Requirements_DIagrams/UseCases/UseCase_SearchingAndFilterin
g.jpg Graphic file (type jpg)

<use ../Functional_Requirements_DIagrams/UseCases/UseCase_SearchingAndFiltering
.jpg>
Package pdftex.def Info: ../Functional_Requirements_DIagrams/UseCases/UseCase_S
earchingAndFiltering.jpg used on input line 202.
(pdftex.def)             Requested size: 446.9055pt x 322.58524pt.

Overfull \hbox (29.3747pt too wide) in paragraph at lines 202--202
 [] 
 []

[9 <O:/Uni/2015/COS301/GitHub/COS301-GROUP6-A/Functional_Requirements_DIagrams/
UseCases/UseCase_StatisticalInformation.jpg> <O:/Uni/2015/COS301/GitHub/COS301-
GROUP6-A/Functional_Requirements_DIagrams/UseCases/UseCase_SocialTagging.jpg>]
<../Functional_Requirements_DIagrams/UseCases/UseCase_FormatCode.jpg, id=137, 9
64.60374pt x 745.78625pt>
File: ../Functional_Requirements_DIagrams/UseCases/UseCase_FormatCode.jpg Graph
ic file (type jpg)

<use ../Functional_Requirements_DIagrams/UseCases/UseCase_FormatCode.jpg>
Package pdftex.def Info: ../Functional_Requirements_DIagrams/UseCases/UseCase_F
ormatCode.jpg used on input line 206.
(pdftex.def)             Requested size: 446.9055pt x 345.52386pt.

Overfull \hbox (29.3747pt too wide) in paragraph at lines 206--206
 [] 
 []

[10 <O:/Uni/2015/COS301/GitHub/COS301-GROUP6-A/Functional_Requirements_DIagrams
/UseCases/UseCase_SearchingAndFiltering.jpg>]

LaTeX Warning: File `../Functional_Requirements_Diagrams/UseCases1,2,3 - Kale-a
b Tessera/UseCase3.jpg' not found on input line 213.


<../Functional_Requirements_Diagrams/UseCases1,2,3 - Kale-ab Tessera/UseCase3.j
pg, id=142, 916.42375pt x 611.28375pt>
File: ../Functional_Requirements_Diagrams/UseCases1,2,3 - Kale-ab Tessera/UseCa
se3.jpg Graphic file (type jpg)

<use ../Functional_Requirements_Diagrams/UseCases1,2,3 - Kale-ab Tessera/UseCas
e3.jpg>
Package pdftex.def Info: ../Functional_Requirements_Diagrams/UseCases1,2,3 - Ka
le-ab Tessera/UseCase3.jpg used on input line 213.
(pdftex.def)             Requested size: 446.9055pt x 298.10455pt.

Overfull \hbox (29.3747pt too wide) in paragraph at lines 213--213
 [] 
 []

[11 <O:/Uni/2015/COS301/GitHub/COS301-GROUP6-A/Functional_Requirements_DIagrams
/UseCases/UseCase_FormatCode.jpg>]
<../Functional_Requirements_DIagrams/UseCases/functionality_vote_and_evaluate.j
pg, id=147, 852.18375pt x 828.09375pt>
File: ../Functional_Requirements_DIagrams/UseCases/functionality_vote_and_evalu
ate.jpg Graphic file (type jpg)

<use ../Functional_Requirements_DIagrams/UseCases/functionality_vote_and_evalua
te.jpg>
Package pdftex.def Info: ../Functional_Requirements_DIagrams/UseCases/functiona
lity_vote_and_evaluate.jpg used on input line 222.
(pdftex.def)             Requested size: 446.9055pt x 434.27557pt.

Overfull \hbox (29.3747pt too wide) in paragraph at lines 222--222
 [] 
 []

[12 <O:/Uni/2015/COS301/GitHub/COS301-GROUP6-A/Functional_Requirements_Diagrams
/UseCases1,2,3 - Kale-ab Tessera/UseCase3.jpg>]
Overfull \hbox (85.57787pt too wide) in paragraph at lines 231--232
[]\OT1/cmr/m/n/12 Student is not reg-is-tered for a course [Un-less he/she is a
 Teach-ing As-sis-tant/Tutor/Lecturer/Admin. 
 []

[13 <O:/Uni/2015/COS301/GitHub/COS301-GROUP6-A/Functional_Requirements_DIagrams
/UseCases/functionality_vote_and_evaluate.jpg>]
Overfull \hbox (18.96466pt too wide) in paragraph at lines 270--271
[]\OT1/cmr/m/n/12 Not a reg-is-tered stu-dent for the course [Un-less in-di-vid
-ual is an Ad-min-is-tra-tor/Teaching
 []


<../Functional_Requirements_DIagrams/DomainModel/DomainModel.jpg, id=157, 794.9
7pt x 598.235pt>
File: ../Functional_Requirements_DIagrams/DomainModel/DomainModel.jpg Graphic f
ile (type jpg)

<use ../Functional_Requirements_DIagrams/DomainModel/DomainModel.jpg>
Package pdftex.def Info: ../Functional_Requirements_DIagrams/DomainModel/Domain
Model.jpg used on input line 290.
(pdftex.def)             Requested size: 446.9055pt x 336.31467pt.
 [14]
[15 <O:/Uni/2015/COS301/GitHub/COS301-GROUP6-A/Functional_Requirements_DIagrams
/DomainModel/DomainModel.jpg>]
No file COS301_Phase1_Group1_Specs.bbl.
Package atveryend Info: Empty hook `BeforeClearDocument' on input line 298.
Package atveryend Info: Empty hook `AfterLastShipout' on input line 298.

(O:\Uni\2015\COS301\GitHub\COS301-GROUP6-A\LaTex_Documents\COS301_Phase1_Group1
_Specs.aux)
Package atveryend Info: Executing hook `AtVeryEndDocument' on input line 298.
Package atveryend Info: Executing hook `AtEndAfterFileList' on input line 298.
Package rerunfilecheck Info: File `COS301_Phase1_Group1_Specs.out' has not chan
ged.
(rerunfilecheck)             Checksum: D449D839BF435D1CFAA03A77CAD564E6;955.
Package atveryend Info: Empty hook `AtVeryVeryEnd' on input line 298.
 ) 
Here is how much of TeX's memory you used:
 5167 strings out of 493921
 80572 string characters out of 3147282
 155148 words of memory out of 3000000
 8385 multiletter control sequences out of 15000+200000
 10937 words of font info for 38 fonts, out of 3000000 for 9000
 841 hyphenation exceptions out of 8191
 29i,7n,28p,402b,447s stack positions out of 5000i,500n,10000p,200000b,50000s
<J:/Program Files/MikTex 2.9/fonts/type1/public/amsfonts/cm/cmbx12.pfb><J:/Pr
ogram Files/MikTex 2.9/fonts/type1/public/amsfonts/cm/cmcsc10.pfb><J:/Program F
iles/MikTex 2.9/fonts/type1/public/amsfonts/cm/cmr12.pfb><J:/Program Files/MikT
ex 2.9/fonts/type1/public/amsfonts/cm/cmss10.pfb><J:/Program Files/MikTex 2.9/f
onts/type1/public/amsfonts/cm/cmssbx10.pfb><J:/Program Files/MikTex 2.9/fonts/t
ype1/public/amsfonts/cm/cmsy10.pfb><J:/Program Files/MikTex 2.9/fonts/type1/pub
lic/amsfonts/cm/cmti12.pfb>
Output written on COS301_Phase1_Group1_Specs.pdf (16 pages, 2163439 bytes).
PDF statistics:
 198 PDF objects out of 1000 (max. 8388607)
 35 named destinations out of 1000 (max. 500000)
 178 words of extra memory for PDF output out of 10000 (max. 10000000)
>>>>>>> parent of c9c34b4... Use case diagrams were updated by adding pre and post conditions. Finally, the images were added to the tex file.

